2020-04-28 00:01:28.936  INFO 7180 --- [main] c.e.s.SpringBootStep03ApplicationTests   : Starting SpringBootStep03ApplicationTests on DESKTOP-6746UC3 with PID 7180 (started by NING MEI in D:\grow\IdeaProjects\spring-boot-step03)
2020-04-28 00:01:28.937 DEBUG 7180 --- [main] c.e.s.SpringBootStep03ApplicationTests   : Running with Spring Boot v2.2.6.RELEASE, Spring v5.2.5.RELEASE
2020-04-28 00:01:28.937  INFO 7180 --- [main] c.e.s.SpringBootStep03ApplicationTests   : No active profile set, falling back to default profiles: default
2020-04-28 00:01:29.996  INFO 7180 --- [main] o.s.s.concurrent.ThreadPoolTaskExecutor  : Initializing ExecutorService 'applicationTaskExecutor'
2020-04-28 00:01:30.260  INFO 7180 --- [main] c.e.s.SpringBootStep03ApplicationTests   : Started SpringBootStep03ApplicationTests in 1.642 seconds (JVM running for 2.908)
2020-04-28 00:01:30.417 TRACE 7180 --- [main] c.e.s.SpringBootStep03ApplicationTests   : 这是trace日志...
2020-04-28 00:01:30.417 DEBUG 7180 --- [main] c.e.s.SpringBootStep03ApplicationTests   : 这是debug日志...
2020-04-28 00:01:30.417  INFO 7180 --- [main] c.e.s.SpringBootStep03ApplicationTests   : 这是info日志...
2020-04-28 00:01:30.417  WARN 7180 --- [main] c.e.s.SpringBootStep03ApplicationTests   : 这是warn日志...
2020-04-28 00:01:30.417 ERROR 7180 --- [main] c.e.s.SpringBootStep03ApplicationTests   : 这是error日志...
2020-04-28 00:01:30.433  INFO 7180 --- [SpringContextShutdownHook] o.s.s.concurrent.ThreadPoolTaskExecutor  : Shutting down ExecutorService 'applicationTaskExecutor'
2020-04-28 ==== [main] ==== INFO  ==== c.e.s.SpringBootStep03ApplicationTests ==== - Starting SpringBootStep03ApplicationTests on DESKTOP-6746UC3 with PID 9760 (started by NING MEI in D:\grow\IdeaProjects\spring-boot-step03)
2020-04-28 ==== [main] ==== DEBUG ==== c.e.s.SpringBootStep03ApplicationTests ==== - Running with Spring Boot v2.2.6.RELEASE, Spring v5.2.5.RELEASE
2020-04-28 ==== [main] ==== INFO  ==== c.e.s.SpringBootStep03ApplicationTests ==== - No active profile set, falling back to default profiles: default
2020-04-28 ==== [main] ==== INFO  ==== o.s.scheduling.concurrent.ThreadPoolTaskExecutor ==== - Initializing ExecutorService 'applicationTaskExecutor'
2020-04-28 ==== [main] ==== INFO  ==== c.e.s.SpringBootStep03ApplicationTests ==== - Started SpringBootStep03ApplicationTests in 1.732 seconds (JVM running for 2.849)
2020-04-28 ==== [main] ==== TRACE ==== c.e.s.SpringBootStep03ApplicationTests ==== - 这是trace日志...
2020-04-28 ==== [main] ==== DEBUG ==== c.e.s.SpringBootStep03ApplicationTests ==== - 这是debug日志...
2020-04-28 ==== [main] ==== INFO  ==== c.e.s.SpringBootStep03ApplicationTests ==== - 这是info日志...
2020-04-28 ==== [main] ==== WARN  ==== c.e.s.SpringBootStep03ApplicationTests ==== - 这是warn日志...
2020-04-28 ==== [main] ==== ERROR ==== c.e.s.SpringBootStep03ApplicationTests ==== - 这是error日志...
2020-04-28 ==== [SpringContextShutdownHook] ==== INFO  ==== o.s.scheduling.concurrent.ThreadPoolTaskExecutor ==== - Shutting down ExecutorService 'applicationTaskExecutor'
2020-04-28 ==== [main] ==== INFO  ==== c.e.s.SpringBootStep03ApplicationTests ==== - Starting SpringBootStep03ApplicationTests on DESKTOP-6746UC3 with PID 1840 (started by NING MEI in D:\grow\IdeaProjects\spring-boot-step03)
2020-04-28 ==== [main] ==== DEBUG ==== c.e.s.SpringBootStep03ApplicationTests ==== - Running with Spring Boot v2.2.6.RELEASE, Spring v5.2.5.RELEASE
2020-04-28 ==== [main] ==== INFO  ==== c.e.s.SpringBootStep03ApplicationTests ==== - No active profile set, falling back to default profiles: default
2020-04-28 ==== [main] ==== INFO  ==== o.s.scheduling.concurrent.ThreadPoolTaskExecutor ==== - Initializing ExecutorService 'applicationTaskExecutor'
2020-04-28 ==== [main] ==== INFO  ==== c.e.s.SpringBootStep03ApplicationTests ==== - Started SpringBootStep03ApplicationTests in 1.369 seconds (JVM running for 2.62)
2020-04-28 ==== [main] ==== TRACE ==== c.e.s.SpringBootStep03ApplicationTests ==== - 这是trace日志...
2020-04-28 ==== [main] ==== DEBUG ==== c.e.s.SpringBootStep03ApplicationTests ==== - 这是debug日志...
2020-04-28 ==== [main] ==== INFO  ==== c.e.s.SpringBootStep03ApplicationTests ==== - 这是info日志...
2020-04-28 ==== [main] ==== WARN  ==== c.e.s.SpringBootStep03ApplicationTests ==== - 这是warn日志...
2020-04-28 ==== [main] ==== ERROR ==== c.e.s.SpringBootStep03ApplicationTests ==== - 这是error日志...
2020-04-28 ==== [SpringContextShutdownHook] ==== INFO  ==== o.s.scheduling.concurrent.ThreadPoolTaskExecutor ==== - Shutting down ExecutorService 'applicationTaskExecutor'
